<?xml version="1.0" encoding="UTF-8"?>
<!-- Generated by org.testng.reporters.JUnitReportReporter -->
<testsuite hostname="EPINHYDW0220" name="com.ryanair.tests.FlightTests" tests="1" failures="0" timestamp="3 Feb 2018 06:39:59 GMT" time="15.364" errors="0">
  <testcase name="testFindFlights" time="15.364" classname="com.ryanair.tests.FlightTests"/>
</testsuite> <!-- com.ryanair.tests.FlightTests -->
